<?xml version="1.0" encoding="UTF-8" ?>
<testsuite errors="0" failures="0" hostname="localhost.localdomain" name="eightpuzzle.TilePositionTest" tests="1" time="0.09" timestamp="2009-04-18T08:36:14">
  <properties>
    <property name="javax.xml.parsers.SAXParserFactory" value="org.netbeans.core.startup.SAXFactoryImpl" />
    <property name="javac.test.classpath" value="../algorithms/dist/algorithms.jar:build/classes:/usr/local/netbeans-6.1/java2/modules/ext/junit-4.1.jar" />
    <property name="libs.DataBindingME.src" value="" />
    <property name="libs.j2me_ant_ext.javadoc" value="" />
    <property name="org.openide.TopManager.GUI" value="true" />
    <property name="libs.theme-default.classpath" value="/usr/local/netbeans-6.1/visualweb2/modules/ext/defaulttheme.jar" />
    <property name="libs.proguard.javadoc" value="" />
    <property name="libs.junit.javadoc" value="/usr/local/netbeans-6.1/java2/docs/junit-3.8.2-api.zip" />
    <property name="libs.nsicom-ant-utils.src" value="" />
    <property name="libs.nokiaS80-ant-utils.javadoc" value="" />
    <property name="ant.core.lib" value="/home/amcgoogan/.netbeans/6.1/ant/lib/ant.jar" />
    <property name="libs.swing-app-framework.src" value="" />
    <property name="libs.jakarta_slide_ant_webdav.javadoc" value="" />
    <property name="javadoc.windowtitle" value="" />
    <property name="libs.toplink.classpath" value="/usr/local/netbeans-6.1/java2/modules/ext/toplink/toplink-essentials.jar:/usr/local/netbeans-6.1/java2/modules/ext/toplink/toplink-essentials-agent.jar" />
    <property name="user.dir" value="/home/amcgoogan/dev/java/EightPuzzle" />
    <property name="libs.theme-default-green.classpath" value="/usr/local/netbeans-6.1/visualweb2/modules/ext/defaulttheme-green.jar" />
    <property name="libs.JMUnit4CLDC10.javadoc" value="/usr/local/netbeans-6.1/mobility8/modules/docs/jmunit-1.0.1-api.zip" />
    <property name="java.vm.version" value="10.0-b23" />
    <property name="libs.DataBindingME.classpath" value="/usr/local/netbeans-6.1/mobility8/modules/ext/netbeans_databindingme.jar" />
    <property name="libs.jstl11.maven-pom" value="" />
    <property name="libs.nsicom-ant-utils.classpath" value="" />
    <property name="libs.MySQLDriver.classpath" value="/usr/local/netbeans-6.1/ide9/modules/ext/mysql-connector-java-5.1.5-bin.jar" />
    <property name="src.dist.dir" value="../algorithms/dist" />
    <property name="libs.jstl11.src" value="" />
    <property name="javadoc.notree" value="false" />
    <property name="libs.DataBindingME-PIM.maven-pom" value="" />
    <property name="libs.exceptionhandler-runtime.maven-pom" value="" />
    <property name="ant.file.EightPuzzle" value="/home/amcgoogan/dev/java/EightPuzzle/build.xml" />
    <property name="libs.NetBeans MIDP Components.maven-pom" value="" />
    <property name="jdk.home" value="/usr/java/latest" />
    <property name="libs.javac-api.src" value="" />
    <property name="javadoc.noindex" value="false" />
    <property name="libs.theme-default-green.runtime" value="/usr/local/netbeans-6.1/visualweb2/modules/ext/defaulttheme-green.jar" />
    <property name="sun.os.patch.level" value="unknown" />
    <property name="libs.theme-default-gray.runtime" value="/usr/local/netbeans-6.1/visualweb2/modules/ext/defaulttheme-gray.jar" />
    <property name="java.vm.specification.name" value="Java Virtual Machine Specification" />
    <property name="libs.semc-ant-utils.classpath" value="/usr/local/netbeans-6.1/mobility8/modules/ext/org-netbeans-modules-j2me-cdc-project-semc.jar" />
    <property name="libs.jdbcsupport-runtime.classpath" value="/home/amcgoogan/.netbeans/6.1/modules/ext/sqlx.jar" />
    <property name="have.tests" value="true" />
    <property name="libs.nokiaS80-ant-utils.maven-pom" value="" />
    <property name="libs.jdbcsupport-designtime.classpath" value="/home/amcgoogan/.netbeans/6.1/modules/ext/sqlx.jar" />
    <property name="org.xml.sax.driver" value="com.sun.org.apache.xerces.internal.jaxp.SAXParserImpl$JAXPSAXParser" />
    <property name="libs.nb_svg_midp_components.src" value="/usr/local/netbeans-6.1/mobility8/sources/nb_svg_midp_components-src.zip" />
    <property name="libs.NetBeans MIDP Components WMA.src" value="/usr/local/netbeans-6.1/mobility8/sources/netbeans_midp_components_wma-src.zip" />
    <property name="libs.javac-api.javadoc" value="" />
    <property name="os.name" value="Linux" />
    <property name="libs.beans-binding.classpath" value="/usr/local/netbeans-6.1/java2/modules/ext/beansbinding-1.2.1.jar" />
    <property name="libs.DataBindingME-SVG.javadoc" value="/usr/local/netbeans-6.1/mobility8/modules/docs/netbeans_databindingme_svg-api.zip" />
    <property name="libs.restapi.javadoc" value="/home/amcgoogan/.netbeans/6.1/docs/jsr311-api-doc.zip" />
    <property name="rave.build" value="thresher-fcs" />
    <property name="libs.restapi.classpath" value="/home/amcgoogan/.netbeans/6.1/modules/ext/rest/jsr311-api.jar" />
    <property name="java.vendor.url.bug" value="http://java.sun.com/cgi-bin/bugreport.cgi" />
    <property name="libs.nsicom-ant-utils.javadoc" value="" />
    <property name="os.arch" value="i386" />
    <property name="user.name" value="amcgoogan" />
    <property name="libs.jsf12.javadoc" value="/usr/local/netbeans-6.1/enterprise5/docs/javaee5-doc-api.zip" />
    <property name="libs.jaxb21.maven-pom" value="" />
    <property name="manifest.available+main.class" value="true" />
    <property name="libs.swing-layout.maven-pom" value="" />
    <property name="build.classes.dir" value="build/classes" />
    <property name="netbeans.accept_license_class" value="org.netbeans.license.AcceptLicense" />
    <property name="build.sysclasspath" value="ignore" />
    <property name="file.reference.amcgoogan-dev" value="../../" />
    <property name="libs.jaxws21.javadoc" value="/usr/local/netbeans-6.1/java2/docs/jaxws-2_1-api-doc.zip" />
    <property name="includes" value="**" />
    <property name="javax.xml.parsers.DocumentBuilderFactory" value="org.netbeans.core.startup.DOMFactoryImpl" />
    <property name="user.country" value="US" />
    <property name="manifest.file" value="manifest.mf" />
    <property name="libs.jstl11.javadoc" value="/usr/local/netbeans-6.1/enterprise5/docs/javaee5-doc-api.zip" />
    <property name="libs.JMUnit4CLDC11.src" value="" />
    <property name="javadoc.encoding" value="UTF-8" />
    <property name="javac.classpath" value="../algorithms/dist/algorithms.jar" />
    <property name="libs.jsfsupport-designtime.javadoc" value="/usr/local/netbeans-6.1/visualweb2/docs/appbase-doc.zip:/home/amcgoogan/.netbeans/6.1/docs/dataprovider-doc.zip:/usr/local/netbeans-6.1/visualweb2/docs/jsfcl-doc.zip" />
    <property name="libs.JAVADB_DRIVER_LABEL.src" value="" />
    <property name="netbeans.system_http_non_proxy_hosts" value="" />
    <property name="netbeans.home" value="/usr/local/netbeans-6.1/platform8" />
    <property name="build.compiler.emacs" value="true" />
    <property name="rubyplatform.Ruby.ruby_kind" value="Ruby" />
    <property name="libs.nokiaS80-ant-utils.src" value="" />
    <property name="libs.jdbcsupport-runtime.javadoc" value="" />
    <property name="libs.cdc-pp-awt-layout.javadoc" value="" />
    <property name="libs.j2me_ant_ext.classpath" value="/usr/local/netbeans-6.1/mobility8/modules/org-netbeans-modules-mobility-antext.jar:/usr/local/netbeans-6.1/ide9/modules/org-netbeans-modules-classfile.jar" />
    <property name="java.endorsed.dirs" value="/usr/java/jdk1.6.0_07/jre/lib/endorsed" />
    <property name="netbeans.dynamic.classpath" value="/usr/local/netbeans-6.1/platform8/core/org-openide-filesystems.jar:/usr/local/netbeans-6.1/platform8/core/core.jar:/usr/local/netbeans-6.1/platform8/core/locale/core_ja.jar:/usr/local/netbeans-6.1/platform8/core/locale/org-openide-filesystems_zh_CN.jar:/usr/local/netbeans-6.1/platform8/core/locale/org-openide-filesystems_pt_BR.jar:/usr/local/netbeans-6.1/platform8/core/locale/org-openide-filesystems_ja.jar:/usr/local/netbeans-6.1/platform8/core/locale/core_zh_CN.jar:/usr/local/netbeans-6.1/platform8/core/locale/core_pt_BR.jar:/usr/local/netbeans-6.1/nb6.1/core/org-netbeans-upgrader.jar:/usr/local/netbeans-6.1/nb6.1/core/locale/org-netbeans-upgrader_pt_BR.jar:/usr/local/netbeans-6.1/nb6.1/core/locale/core_nb_ja.jar:/usr/local/netbeans-6.1/nb6.1/core/locale/core_nb.jar:/usr/local/netbeans-6.1/nb6.1/core/locale/org-netbeans-upgrader_ja.jar:/usr/local/netbeans-6.1/nb6.1/core/locale/core_nb_pt_BR.jar:/usr/local/netbeans-6.1/nb6.1/core/locale/org-netbeans-upgrader_zh_CN.jar:/usr/local/netbeans-6.1/nb6.1/core/locale/core_nb_zh_CN.jar" />
    <property name="libs.cdc-agui-swing-layout.maven-pom" value="" />
    <property name="libs.cdc-pp-awt-layout.src" value="/usr/local/netbeans-6.1/mobility8/sources/cdc-pp-awt-layout-src.zip" />
    <property name="file.reference.AStar.jar" value="../Algorithms/AStar/dist/AStar.jar" />
    <property name="java.vm.specification.version" value="1.0" />
    <property name="libs.jakarta_slide_ant_webdav.src" value="" />
    <property name="libs.JMUnit4CLDC10.maven-pom" value="" />
    <property name="libs.jaxws21.src" value="" />
    <property name="application.title" value="EightPuzzle" />
    <property name="platforms.Sun_Java_TM__Wireless_Toolkit_2_5_2_for_CLDC.preverifycommandline" value="" />
    <property name="libs.swing-app-framework.classpath" value="/usr/local/netbeans-6.1/java2/modules/ext/appframework-1.0.3.jar:/usr/local/netbeans-6.1/java2/modules/ext/swing-worker-1.1.jar" />
    <property name="libs.jakarta_slide_ant_webdav.classpath" value="/usr/local/netbeans-6.1/mobility8/modules/ext/commons-httpclient-3.0.1.jar:/usr/local/netbeans-6.1/ide9/modules/ext/commons-logging-1.0.4.jar:/usr/local/netbeans-6.1/mobility8/modules/ext/jdom-1.0.jar:/usr/local/netbeans-6.1/mobility8/modules/ext/jakarta-slide-webdavlib-2.1.jar:/usr/local/netbeans-6.1/mobility8/modules/ext/jakarta-slide-ant-webdav-2.1.jar" />
    <property name="org.netbeans.core.startup.specialResource" value="nullcom.sun.jdo.api.persistence.mapping.ejb" />
    <property name="java.vendor" value="Sun Microsystems Inc." />
    <property name="libs.JMUnit4CLDC10.src" value="" />
    <property name="javac.debug" value="true" />
    <property name="javadoc.splitindex" value="true" />
    <property name="file.separator" value="/" />
    <property name="libs.IdentityAntTasks.src" value="" />
    <property name="libs.ActiveSync.classpath" value="/usr/local/netbeans-6.1/mobility8/modules/ext/nbactivesync-5.0.jar" />
    <property name="platforms.Sun_Java_TM__Wireless_Toolkit_2_5_2_for_CLDC.home" value="/usr/local/netbeans-6.1/mobility8/WTK2.5.2" />
    <property name="libs.junit_4.maven-pom" value="" />
    <property name="netbeans.buildnumber" value="200805300101" />
    <property name="libs.webui-runtime.classpath" value="/usr/local/netbeans-6.1/visualweb2/modules/ext/webui.jar:/usr/local/netbeans-6.1/enterprise5/modules/ext/commons-fileupload-1.0.jar" />
    <property name="sun.java.launcher" value="SUN_STANDARD" />
    <property name="libs.junit.classpath" value="/usr/local/netbeans-6.1/java2/modules/ext/junit-3.8.2.jar" />
    <property name="libs.struts.classpath" value="/usr/local/netbeans-6.1/enterprise5/modules/ext/struts/antlr.jar:/usr/local/netbeans-6.1/enterprise5/modules/ext/struts/commons-beanutils.jar:/usr/local/netbeans-6.1/enterprise5/modules/ext/struts/commons-digester.jar:/usr/local/netbeans-6.1/enterprise5/modules/ext/struts/commons-logging.jar:/usr/local/netbeans-6.1/enterprise5/modules/ext/struts/commons-validator.jar:/usr/local/netbeans-6.1/enterprise5/modules/ext/struts/jakarta-oro.jar:/usr/local/netbeans-6.1/enterprise5/modules/ext/struts/struts.jar:/usr/local/netbeans-6.1/enterprise5/modules/ext/commons-fileupload-1.0.jar" />
    <property name="libs.woodstock-theme-default.classpath" value="/usr/local/netbeans-6.1/visualweb2/modules/ext/webui-jsf-suntheme.jar" />
    <property name="ant.home" value="/home/amcgoogan/.netbeans/6.1/ant" />
    <property name="libs.junit_4.src" value="" />
    <property name="libs.ricoh-ant-utils.maven-pom" value="" />
    <property name="libs.absolutelayout.maven-pom" value="" />
    <property name="ant.java.version" value="1.6" />
    <property name="java.library.path" value="/usr/java/jdk1.6.0_07/jre/lib/i386/client:/usr/java/jdk1.6.0_07/jre/lib/i386:/usr/java/jdk1.6.0_07/jre/../lib/i386:/usr/java/packages/lib/i386:/lib:/usr/lib" />
    <property name="javadoc.author" value="false" />
    <property name="libs.IdentityAntTasks.classpath" value="/usr/local/netbeans-6.1/identity2/ant/nblib/org-netbeans-modules-identity-ant.jar:/usr/local/netbeans-6.1/identity2/modules/org-netbeans-modules-identity-profile-api.jar" />
    <property name="java.util.logging.config.class" value="org.netbeans.core.startup.TopLogging" />
    <property name="file.reference.algorithms-dist" value="../algorithms/dist" />
    <property name="libs.PostgreSQLDriver.src" value="" />
    <property name="sun.arch.data.model" value="32" />
    <property name="basedir" value="/home/amcgoogan/dev/java/EightPuzzle" />
    <property name="libs.ActiveSync.src" value="" />
    <property name="jar.compress" value="false" />
    <property name="libs.NetBeans MIDP Components PDA.src" value="/usr/local/netbeans-6.1/mobility8/sources/netbeans_midp_components_pda-src.zip" />
    <property name="libs.jstl11.classpath" value="/usr/local/netbeans-6.1/enterprise5/modules/ext/standard.jar:/usr/local/netbeans-6.1/enterprise5/modules/ext/jstl.jar" />
    <property name="path.separator" value=":" />
    <property name="com.sun.aas.installRoot" value="/usr/local/glassfish-v2ur2" />
    <property name="sun.io.unicode.encoding" value="UnicodeLittle" />
    <property name="libs.semc-ant-utils.javadoc" value="" />
    <property name="libs.jaxws21.classpath" value="/usr/local/netbeans-6.1/java2/modules/ext/jaxws21/activation.jar:/usr/local/netbeans-6.1/java2/modules/ext/jaxws21/FastInfoset.jar:/usr/local/netbeans-6.1/java2/modules/ext/jaxws21/http.jar:/usr/local/netbeans-6.1/java2/modules/ext/jaxws21/api/jaxb-api.jar:/usr/local/netbeans-6.1/java2/modules/ext/jaxws21/jaxb-impl.jar:/usr/local/netbeans-6.1/java2/modules/ext/jaxws21/jaxb-xjc.jar:/usr/local/netbeans-6.1/java2/modules/ext/jaxws21/api/jaxws-api.jar:/usr/local/netbeans-6.1/java2/modules/ext/jaxws21/jaxws-rt.jar:/usr/local/netbeans-6.1/java2/modules/ext/jaxws21/jaxws-tools.jar:/usr/local/netbeans-6.1/java2/modules/ext/jaxws21/api/jsr173_api.jar:/usr/local/netbeans-6.1/java2/modules/ext/jaxws21/api/jsr181-api.jar:/usr/local/netbeans-6.1/java2/modules/ext/jaxws21/api/jsr250-api.jar:/usr/local/netbeans-6.1/java2/modules/ext/jaxws21/api/saaj-api.jar:/usr/local/netbeans-6.1/java2/modules/ext/jaxws21/saaj-impl.jar:/usr/local/netbeans-6.1/java2/modules/ext/jaxws21/sjsxp.jar:/usr/local/netbeans-6.1/java2/modules/ext/jaxws21/stax-ex.jar:/usr/local/netbeans-6.1/java2/modules/ext/jaxws21/streambuffer.jar" />
    <property name="libs.struts.src" value="" />
    <property name="user.language" value="en" />
    <property name="libs.jaxb21.javadoc" value="" />
    <property name="libs.spring-framework.classpath" value="/usr/local/netbeans-6.1/java2/modules/ext/spring/commons-logging-1.1.jar:/usr/local/netbeans-6.1/java2/modules/ext/spring/spring-2.5.jar" />
    <property name="application.vendor" value="amcgoogan" />
    <property name="manifest.available" value="true" />
    <property name="run.test.classpath" value="../algorithms/dist/algorithms.jar:build/classes:/usr/local/netbeans-6.1/java2/modules/ext/junit-4.1.jar:build/test/classes" />
    <property name="libs.swing-layout.javadoc" value="/usr/local/netbeans-6.1/platform8/docs/swing-layout-1.0.3-doc.zip" />
    <property name="rubyplatform.Ruby.interpreter" value="/usr/bin/ruby" />
    <property name="libs.swing-app-framework.javadoc" value="/usr/local/netbeans-6.1/java2/docs/appframework-1.0.3-doc.zip" />
    <property name="libs.proguard.classpath" value="/usr/local/netbeans-6.1/mobility8/external/proguard/proguard3.7.jar" />
    <property name="libs.DataBindingME-SVG.classpath" value="/usr/local/netbeans-6.1/mobility8/modules/ext/netbeans_databindingme_svg.jar" />
    <property name="https.nonProxyHosts" value="localhost|127.0.0.1|localhost.localdomain" />
    <property name="libs.PostgreSQLDriver.maven-pom" value="" />
    <property name="java.class.version" value="50.0" />
    <property name="libs.JAVADB_DRIVER_LABEL.classpath" value="/usr/local/glassfish-v2ur2/javadb/lib/derby.jar:/usr/local/glassfish-v2ur2/javadb/lib/derbyclient.jar:/usr/local/glassfish-v2ur2/javadb/lib/derbynet.jar" />
    <property name="libs.cdc-ant-utils.classpath" value="/usr/local/netbeans-6.1/mobility8/modules/ext/org-netbeans-modules-j2me-cdc-project.jar" />
    <property name="netbeans.system_http_proxy" value="DIRECT" />
    <property name="libs.NetBeans MIDP Components WMA.maven-pom" value="" />
    <property name="user.properties.file" value="/home/amcgoogan/.netbeans/6.1/build.properties" />
    <property name="platforms.Sun_Java_TM__Wireless_Toolkit_2_5_2_for_CLDC.runcommandline" value="" />
    <property name="libs.spring-framework.src" value="" />
    <property name="libs.javac-api.maven-pom" value="" />
    <property name="file.encoding.pkg" value="sun.io" />
    <property name="sun.cpu.endian" value="little" />
    <property name="libs.ant-contrib.classpath" value="/usr/local/netbeans-6.1/mobility8/modules/ext/ant-contrib-1.0b3.jar" />
    <property name="libs.jaxb21.src" value="" />
    <property name="libs.jsfsupport-designtime.classpath" value="/usr/local/netbeans-6.1/visualweb2/modules/ext/jsfcl.jar:/usr/local/netbeans-6.1/visualweb2/modules/ext/appbase.jar:/home/amcgoogan/.netbeans/6.1/modules/ext/dataprovider.jar:/home/amcgoogan/.netbeans/6.1/modules/ext/sqlx.jar" />
    <property name="version-output" value="java version &quot;1.6" />
    <property name="javadoc.preview" value="true" />
    <property name="rubyplatform.Ruby.gem_home" value="/usr/lib/ruby/gems/1.8" />
    <property name="nbplatform.default.harness.dir" value="/usr/local/netbeans-6.1/harness" />
    <property name="java.home" value="/usr/java/jdk1.6.0_07/jre" />
    <property name="libs.ricoh-ant-utils.src" value="" />
    <property name="libs.spring-webmvc.src" value="" />
    <property name="copyfiles.classpath" value="/home/amcgoogan/.netbeans/6.1/ant/extra/copyfiles.jar" />
    <property name="libs.ant-contrib.javadoc" value="" />
    <property name="debug.test.classpath" value="../algorithms/dist/algorithms.jar:build/classes:/usr/local/netbeans-6.1/java2/modules/ext/junit-4.1.jar:build/test/classes" />
    <property name="netbeans.importclass" value="org.netbeans.upgrade.AutoUpgrade" />
    <property name="libs.webui-designtime.src" value="/usr/local/netbeans-6.1/visualweb2/docs/webui-src.zip" />
    <property name="org.openide.TopManager" value="org.netbeans.core.NonGui" />
    <property name="libs.savaje-ant-utils.classpath" value="/usr/local/netbeans-6.1/mobility8/modules/ext/org-netbeans-modules-j2me-cdc-project-savaje.jar" />
    <property name="libs.toplink.maven-pom" value="" />
    <property name="libs.DataBindingME.maven-pom" value="" />
    <property name="libs.PostgreSQLDriver.javadoc" value="" />
    <property name="libs.restlib.classpath" value="/home/amcgoogan/.netbeans/6.1/modules/ext/rest/jersey.jar:/usr/local/netbeans-6.1/java2/modules/ext/jaxws21/activation.jar:/usr/local/netbeans-6.1/java2/modules/ext/jaxws21/api/jsr250-api.jar:/home/amcgoogan/.netbeans/6.1/modules/ext/rest/http.jar:/home/amcgoogan/.netbeans/6.1/modules/ext/rest/wadl2java.jar:/usr/local/netbeans-6.1/java2/modules/ext/jaxws21/api/jaxws-api.jar:/usr/local/netbeans-6.1/java2/modules/ext/jaxws21/api/jaxb-api.jar:/usr/local/netbeans-6.1/java2/modules/ext/jaxws21/jaxb-impl.jar:/usr/local/netbeans-6.1/java2/modules/ext/jaxws21/jaxb-xjc.jar:/usr/local/netbeans-6.1/java2/modules/ext/jaxws21/api/jsr173_api.jar:/home/amcgoogan/.netbeans/6.1/modules/ext/rest/rome-0.9.jar:/home/amcgoogan/.netbeans/6.1/modules/ext/rest/jdom-1.0.jar:/home/amcgoogan/.netbeans/6.1/modules/ext/rest/jettison-1.0-RC1.jar:/home/amcgoogan/.netbeans/6.1/modules/ext/rest/asm-3.1.jar:/home/amcgoogan/.netbeans/6.1/modules/ext/rest/grizzly-servlet-webserver-1.7.3.2.jar" />
    <property name="libs.exceptionhandler-runtime.javadoc" value="" />
    <property name="libs.JMUnit4CLDC11.javadoc" value="/usr/local/netbeans-6.1/mobility8/modules/docs/jmunit-1.0.1-api.zip" />
    <property name="libs.nsicom-ant-utils.maven-pom" value="" />
    <property name="libs.jsfsupport-runtime.classpath" value="/usr/local/netbeans-6.1/visualweb2/modules/ext/jsfcl.jar:/usr/local/netbeans-6.1/visualweb2/modules/ext/appbase.jar:/home/amcgoogan/.netbeans/6.1/modules/ext/dataprovider.jar:/home/amcgoogan/.netbeans/6.1/modules/ext/sqlx.jar" />
    <property name="libs.MySQLDriver.maven-pom" value="" />
    <property name="libs.savaje-ant-utils.src" value="" />
    <property name="http.nonProxyHosts" value="localhost|127.0.0.1|localhost.localdomain" />
    <property name="libs.junit_4.javadoc" value="" />
    <property name="libs.spring-webmvc.javadoc" value="" />
    <property name="libs.toplink.src" value="" />
    <property name="libs.cdc-pp-awt-layout.classpath" value="/usr/local/netbeans-6.1/mobility8/modules/ext/cdc-pp-awt-layout.jar" />
    <property name="rubyplatform.Ruby.ruby_release_date" value="2008-08-11" />
    <property name="libs.webui.javadoc" value="/usr/local/netbeans-6.1/visualweb2/docs/webui-doc.zip" />
    <property name="libs.cdc-agui-swing-layout.src" value="/usr/local/netbeans-6.1/mobility8/sources/cdc-agui-swing-layout-src.zip" />
    <property name="libs.jsf12-support.javadoc" value="/usr/local/netbeans-6.1/visualweb2/docs/appbase-doc.zip:/home/amcgoogan/.netbeans/6.1/docs/dataprovider-doc.zip:/usr/local/netbeans-6.1/visualweb2/docs/jsfcl-doc.zip" />
    <property name="run.classpath" value="../algorithms/dist/algorithms.jar:build/classes" />
    <property name="libs.theme-default.runtime" value="/usr/local/netbeans-6.1/visualweb2/modules/ext/defaulttheme.jar" />
    <property name="libs.JMUnit4CLDC11.classpath" value="/usr/local/netbeans-6.1/mobility8/modules/ext/jmunit4cldc11-1.0.1.jar" />
    <property name="libs.nb_svg_midp_components.classpath" value="/usr/local/netbeans-6.1/mobility8/modules/ext/nb_svg_midp_components.jar" />
    <property name="libs.NetBeans MIDP Components PDA.classpath" value="/usr/local/netbeans-6.1/mobility8/modules/ext/netbeans_midp_components_pda.jar" />
    <property name="libs.semc-ant-utils.maven-pom" value="" />
    <property name="libs.jdbcsupport-runtime.maven-pom" value="" />
    <property name="libs.restapi.src" value="" />
    <property name="libs.NetBeans MIDP Components.javadoc" value="/usr/local/netbeans-6.1/mobility8/modules/docs/netbeans_midp_components_basic-api.zip" />
    <property name="sun.management.compiler" value="HotSpot Client Compiler" />
    <property name="javac.deprecation" value="false" />
    <property name="javadoc.use" value="true" />
    <property name="libs.jdbcsupport-runtime.src" value="" />
    <property name="libs.jdbcsupport-designtime.maven-pom" value="" />
    <property name="libs.theme-default-gray.classpath" value="/usr/local/netbeans-6.1/visualweb2/modules/ext/defaulttheme-gray.jar" />
    <property name="sun.java2d.noddraw" value="true" />
    <property name="platforms.Sun_Java_TM__Wireless_Toolkit_2_5_2_for_CLDC.type" value="UEI-1.0.1" />
    <property name="libs.spring-webmvc.classpath" value="/home/amcgoogan/.netbeans/6.1/modules/ext/spring/spring-webmvc-2.5.jar" />
    <property name="javac.compilerargs" value="" />
    <property name="ant.file" value="/home/amcgoogan/dev/java/EightPuzzle/build.xml" />
    <property name="libs.beans-binding.maven-pom" value="" />
    <property name="libs.jsf12.classpath" value="/usr/local/netbeans-6.1/enterprise5/modules/ext/jsf-1_2/commons-beanutils.jar:/usr/local/netbeans-6.1/enterprise5/modules/ext/jsf-1_2/commons-collections.jar:/usr/local/netbeans-6.1/enterprise5/modules/ext/jsf-1_2/commons-digester.jar:/usr/local/netbeans-6.1/enterprise5/modules/ext/jsf-1_2/commons-logging.jar:/usr/local/netbeans-6.1/enterprise5/modules/ext/jsf-1_2/jsf-api.jar:/usr/local/netbeans-6.1/enterprise5/modules/ext/jsf-1_2/jsf-impl.jar" />
    <property name="sun.awt.exception.handler" value="org.netbeans.core.startup.TopLogging$AWTHandler" />
    <property name="libs.restapi.maven-pom" value="" />
    <property name="libs.beans-binding.src" value="" />
    <property name="libs.NetBeans MIDP Components PDA.javadoc" value="/usr/local/netbeans-6.1/mobility8/modules/docs/netbeans_midp_components_pda-api.zip" />
    <property name="java.vm.specification.vendor" value="Sun Microsystems Inc." />
    <property name="libs.DataBindingME-PIM.javadoc" value="/usr/local/netbeans-6.1/mobility8/modules/docs/netbeans_databindingme_pim-api.zip" />
    <property name="libs.swing-layout.src" value="/usr/local/netbeans-6.1/platform8/docs/swing-layout-1.0.3-src.zip" />
    <property name="libs.webui.src" value="/usr/local/netbeans-6.1/visualweb2/docs/webui-src.zip" />
    <property name="libs.j2me_ant_ext.src" value="" />
    <property name="org.openide.major.version" value="IDE/1" />
    <property name="java.vm.name" value="Java HotSpot(TM) Client VM" />
    <property name="netbeans.user" value="/home/amcgoogan/.netbeans/6.1" />
    <property name="javadoc.additionalparam" value="" />
    <property name="libs.ricoh-ant-utils.classpath" value="/usr/local/netbeans-6.1/mobility8/modules/ext/org-netbeans-modules-j2me-cdc-project-ricoh.jar:/usr/local/netbeans-6.1/mobility8/modules/ext/RicohAntTasks-2.0.jar:/usr/local/netbeans-6.1/mobility8/modules/ext/commons-httpclient-3.0.jar:/usr/local/netbeans-6.1/ide9/modules/ext/commons-logging-1.0.4.jar:/usr/local/netbeans-6.1/mobility8/modules/ext/commons-codec-1.3.jar" />
    <property name="java.io.tmpdir" value="/tmp" />
    <property name="java.vendor.url" value="http://java.sun.com/" />
    <property name="jspc.classpath" value="/home/amcgoogan/.netbeans/6.1/ant/lib/ant.jar:/usr/local/netbeans-6.1/enterprise5/modules/ext/servlet2.5-jsp2.1-api.jar:${j2ee.platform.classpath}:/home/amcgoogan/.netbeans/6.1/modules/ext/glassfish-jspparser-2.0.jar:/usr/local/netbeans-6.1/enterprise5/modules/ext/glassfish-logging-2.0.jar:/usr/local/netbeans-6.1/ide9/modules/ext/commons-logging-1.0.4.jar:/home/amcgoogan/.netbeans/6.1/ant/lib/ant-launcher.jar" />
    <property name="sun.boot.library.path" value="/usr/java/jdk1.6.0_07/jre/lib/i386" />
    <property name="have.sources" value="true" />
    <property name="debug.classpath" value="../algorithms/dist/algorithms.jar:build/classes" />
    <property name="libs.woodstock-theme-default.runtime" value="/usr/local/netbeans-6.1/visualweb2/modules/ext/webui-jsf-suntheme.jar" />
    <property name="javadoc.private" value="false" />
    <property name="test.src.dir" value="test" />
    <property name="meta.inf.dir" value="src/META-INF" />
    <property name="javadoc.encoding.used" value="UTF-8" />
    <property name="libs.DataBindingME-SVG.src" value="" />
    <property name="dist.jar" value="dist/EightPuzzle.jar" />
    <property name="java.runtime.name" value="Java(TM) SE Runtime Environment" />
    <property name="ant.project.name" value="EightPuzzle" />
    <property name="libs.jdbcsupport-designtime.javadoc" value="" />
    <property name="libs.j2me_ant_ext.maven-pom" value="" />
    <property name="sun.cpu.isalist" value="" />
    <property name="libs.CopyLibs.javadoc" value="" />
    <property name="libs.ActiveSync.javadoc" value="" />
    <property name="org.openide.specification.version" value="6.2" />
    <property name="libs.DataBindingME-PIM.classpath" value="/usr/local/netbeans-6.1/mobility8/modules/ext/netbeans_databindingme_pim.jar" />
    <property name="user.home" value="/home/amcgoogan" />
    <property name="libs.exceptionhandler-runtime.classpath" value="/usr/local/netbeans-6.1/visualweb2/modules/ext/errorhandler.jar" />
    <property name="debug-args-line" value="-Xdebug" />
    <property name="libs.NetBeans MIDP Components.classpath" value="/usr/local/netbeans-6.1/mobility8/modules/ext/netbeans_midp_components_basic.jar" />
    <property name="libs.CopyLibs.maven-pom" value="" />
    <property name="libs.absolutelayout.javadoc" value="" />
    <property name="java.specification.name" value="Java Platform API Specification" />
    <property name="libs.webui.classpath" value="/usr/local/netbeans-6.1/visualweb2/modules/ext/webui.jar:/usr/local/netbeans-6.1/enterprise5/modules/ext/commons-fileupload-1.0.jar" />
    <property name="libs.swing-app-framework.maven-pom" value="" />
    <property name="libs.jakarta_slide_ant_webdav.maven-pom" value="" />
    <property name="libs.NetBeans MIDP Components WMA.classpath" value="/usr/local/netbeans-6.1/mobility8/modules/ext/netbeans_midp_components_wma.jar" />
    <property name="libs.woodstock-components.classpath" value="/usr/local/netbeans-6.1/visualweb2/modules/ext/webui-jsf.jar:/usr/local/netbeans-6.1/enterprise5/modules/ext/commons-fileupload-1.0.jar:/usr/local/netbeans-6.1/visualweb2/modules/ext/json-2.jar:/usr/local/netbeans-6.1/visualweb2/modules/ext/jsf-extensions-common-0.1.jar:/usr/local/netbeans-6.1/visualweb2/modules/ext/jsf-extensions-dynamic-faces-0.1.jar" />
    <property name="libs.cdc-agui-swing-layout.javadoc" value="" />
    <property name="java.specification.vendor" value="Sun Microsystems Inc." />
    <property name="libs.jdbcsupport-designtime.src" value="" />
    <property name="libs.javac-api.classpath" value="/home/amcgoogan/.netbeans/6.1/modules/ext/javac-api-nb-7.0-b07.jar" />
    <property name="libs.nokiaS80-ant-utils.classpath" value="/usr/local/netbeans-6.1/mobility8/modules/ext/org-netbeans-modules-j2me-cdc-project-nokiaS80.jar" />
    <property name="java.version" value="1.6.0_07" />
    <property name="libs.NetBeans MIDP Components WMA.javadoc" value="/usr/local/netbeans-6.1/mobility8/modules/docs/netbeans_midp_components_wma-api.zip" />
    <property name="javadoc.version" value="false" />
    <property name="libs.MySQLDriver.javadoc" value="" />
    <property name="org.openide.version" value="deprecated" />
    <property name="libs.ActiveSync.maven-pom" value="" />
    <property name="source.encoding" value="UTF-8" />
    <property name="reference.algorithms.jar" value="../algorithms/dist/algorithms.jar" />
    <property name="rubyplatform.Ruby.ruby_patchlevel" value="287" />
    <property name="libs.junit.maven-pom" value="" />
    <property name="libs.jsf12-support.src" value="/usr/local/netbeans-6.1/visualweb2/docs/appbase-src.zip:/home/amcgoogan/.netbeans/6.1/docs/dataprovider-src.zip:/usr/local/netbeans-6.1/visualweb2/docs/jsfcl-src.zip" />
    <property name="libs.struts.maven-pom" value="" />
    <property name="netbeans.home+have.tests" value="true" />
    <property name="rubyplatform.Ruby.ruby_version" value="1.8.6" />
    <property name="libs.IdentityAntTasks.maven-pom" value="" />
    <property name="work.dir" value="/home/amcgoogan/dev/java/EightPuzzle" />
    <property name="libs.cdc-ant-utils.src" value="" />
    <property name="libs.jaxb21.classpath" value="/usr/local/netbeans-6.1/java2/modules/ext/jaxws21/activation.jar:/usr/local/netbeans-6.1/java2/modules/ext/jaxws21/api/jaxb-api.jar:/usr/local/netbeans-6.1/java2/modules/ext/jaxws21/jaxb-impl.jar:/usr/local/netbeans-6.1/java2/modules/ext/jaxws21/jaxb-xjc.jar:/usr/local/netbeans-6.1/java2/modules/ext/jaxws21/api/jsr173_api.jar" />
    <property name="do.depend" value="false" />
    <property name="dist.javadoc.dir" value="dist/javadoc" />
    <property name="libs.swing-layout.classpath" value="/usr/local/netbeans-6.1/platform8/modules/ext/swing-layout-1.0.3.jar" />
    <property name="libs.restlib.src" value="" />
    <property name="javac.source" value="1.5" />
    <property name="build.generated.dir" value="build/generated" />
    <property name="rubyplatform.Ruby.ruby_platform" value="i386-linux" />
    <property name="line.separator" value="
" />
    <property name="libs.proguard.src" value="" />
    <property name="libs.nb_svg_midp_components.javadoc" value="/usr/local/netbeans-6.1/mobility8/modules/docs/nb_svg_midp_components-api.zip" />
    <property name="java.specification.version" value="1.6" />
    <property name="java.vm.info" value="mixed mode, sharing" />
    <property name="libs.jaxws21.maven-pom" value="" />
    <property name="libs.cdc-ant-utils.javadoc" value="" />
    <property name="project.algorithms" value="../algorithms" />
    <property name="libs.jsf12-support.classpath" value="/usr/local/netbeans-6.1/visualweb2/modules/ext/jsfcl.jar:/usr/local/netbeans-6.1/visualweb2/modules/ext/appbase.jar:/home/amcgoogan/.netbeans/6.1/modules/ext/dataprovider.jar:/home/amcgoogan/.netbeans/6.1/modules/ext/sqlx.jar" />
    <property name="libs.spring-framework.maven-pom" value="" />
    <property name="sun.boot.class.path" value="/usr/java/jdk1.6.0_07/jre/lib/resources.jar:/usr/java/jdk1.6.0_07/jre/lib/rt.jar:/usr/java/jdk1.6.0_07/jre/lib/sunrsasign.jar:/usr/java/jdk1.6.0_07/jre/lib/jsse.jar:/usr/java/jdk1.6.0_07/jre/lib/jce.jar:/usr/java/jdk1.6.0_07/jre/lib/charsets.jar:/usr/java/jdk1.6.0_07/jre/classes" />
    <property name="libs.woodstock-components.javadoc" value="/usr/local/netbeans-6.1/visualweb2/docs/webui-jsf-doc.zip:/usr/local/netbeans-6.1/visualweb2/docs/webui-jsf-tld.zip" />
    <property name="javac.target" value="1.5" />
    <property name="build.test.classes.dir" value="build/test/classes" />
    <property name="src.dir" value="src" />
    <property name="libs.IdentityAntTasks.javadoc" value="" />
    <property name="libs.proguard.maven-pom" value="" />
    <property name="libs.DataBindingME-SVG.maven-pom" value="" />
    <property name="libs.jsf12.src" value="" />
    <property name="libs.savaje-ant-utils.javadoc" value="" />
    <property name="libs.JAVADB_DRIVER_LABEL.maven-pom" value="" />
    <property name="nbplatform.default.netbeans.dest.dir" value="/usr/local/netbeans-6.1" />
    <property name="libs.struts.javadoc" value="/usr/local/netbeans-6.1/enterprise5/docs/struts-1.2.9-javadoc.zip" />
    <property name="platforms.Sun_Java_TM__Wireless_Toolkit_2_5_2_for_CLDC.debugcommandline" value="" />
    <property name="libs.cdc-ant-utils.maven-pom" value="" />
    <property name="libs.cdc-agui-swing-layout.classpath" value="/usr/local/netbeans-6.1/mobility8/modules/ext/cdc-agui-swing-layout.jar" />
    <property name="libs.webui-designtime.classpath" value="/usr/local/netbeans-6.1/visualweb2/modules/ext/webui.jar:/usr/local/netbeans-6.1/enterprise5/modules/ext/commons-fileupload-1.0.jar" />
    <property name="dist.dir" value="dist" />
    <property name="libs.JMUnit4CLDC10.classpath" value="/usr/local/netbeans-6.1/mobility8/modules/ext/jmunit4cldc10-1.0.1.jar" />
    <property name="java.awt.printerjob" value="sun.print.PSPrinterJob" />
    <property name="default.javac.source" value="1.6" />
    <property name="javac.compilerargs.jaxws" value="" />
    <property name="sun.jnu.encoding" value="UTF-8" />
    <property name="libs.MySQLDriver.src" value="" />
    <property name="libs.ant-contrib.maven-pom" value="" />
    <property name="libs.woodstock-components.src" value="/usr/local/netbeans-6.1/visualweb2/docs/webui-jsf-src.zip" />
    <property name="java.runtime.version" value="1.6.0_07-b06" />
    <property name="build.test.results.dir" value="build/test/results" />
    <property name="libs.NetBeans MIDP Components.src" value="/usr/local/netbeans-6.1/mobility8/sources/netbeans_midp_components_basic-src.zip" />
    <property name="manifest.available+main.class+mkdist.available" value="true" />
    <property name="jna.platform.library.path" value="/usr/lib:/lib" />
    <property name="default.javac.target" value="1.6" />
    <property name="libs.junit_4.classpath" value="/usr/local/netbeans-6.1/java2/modules/ext/junit-4.1.jar" />
    <property name="user.timezone" value="" />
    <property name="ant.file.EightPuzzle-impl" value="/home/amcgoogan/dev/java/EightPuzzle/nbproject/build-impl.xml" />
    <property name="do.jar" value="true" />
    <property name="libs.jsfsupport-designtime.src" value="/usr/local/netbeans-6.1/visualweb2/docs/appbase-src.zip:/home/amcgoogan/.netbeans/6.1/docs/dataprovider-src.zip:/usr/local/netbeans-6.1/visualweb2/docs/jsfcl-src.zip" />
    <property name="libs.ant-contrib.src" value="" />
    <property name="libs.JAVADB_DRIVER_LABEL.javadoc" value="" />
    <property name="netbeans.dirs" value="/usr/local/netbeans-6.1/nb6.1:/usr/local/netbeans-6.1/ide9:/usr/local/netbeans-6.1/java2:/usr/local/netbeans-6.1/xml2:/usr/local/netbeans-6.1/apisupport1:/usr/local/netbeans-6.1/enterprise5:/usr/local/netbeans-6.1/mobility8:/usr/local/netbeans-6.1/profiler3:/usr/local/netbeans-6.1/gsf1:/usr/local/netbeans-6.1/ruby2:/usr/local/netbeans-6.1/visualweb2:/usr/local/netbeans-6.1/soa2:/usr/local/netbeans-6.1/identity2:/usr/local/netbeans-6.1/uml5:/usr/local/netbeans-6.1/harness:/usr/local/netbeans-6.1/cnd2:" />
    <property name="java.ext.dirs" value="/usr/java/jdk1.6.0_07/jre/lib/ext:/usr/java/packages/lib/ext" />
    <property name="libs.exceptionhandler-runtime.src" value="" />
    <property name="libs.savaje-ant-utils.maven-pom" value="" />
    <property name="libs.semc-ant-utils.src" value="" />
    <property name="libs.absolutelayout.classpath" value="/home/amcgoogan/.netbeans/6.1/modules/ext/AbsoluteLayout.jar" />
    <property name="excludes" value="" />
    <property name="libs.restlib.maven-pom" value="" />
    <property name="libs.DataBindingME.javadoc" value="/usr/local/netbeans-6.1/mobility8/modules/docs/netbeans_databindingme-api.zip" />
    <property name="apple.laf.useScreenMenuBar" value="true" />
    <property name="java.class.path" value="/home/amcgoogan/dev/java/algorithms/dist/algorithms.jar:/home/amcgoogan/dev/java/EightPuzzle/build/classes:/usr/local/netbeans-6.1/java2/modules/ext/junit-4.1.jar:/home/amcgoogan/dev/java/EightPuzzle/build/test/classes:/home/amcgoogan/.netbeans/6.1/ant/lib/ant-launcher.jar:/home/amcgoogan/.netbeans/6.1/ant/lib/ant.jar:/home/amcgoogan/.netbeans/6.1/ant/lib/ant-junit.jar" />
    <property name="libs.webui-designtime.javadoc" value="/usr/local/netbeans-6.1/visualweb2/docs/webui-doc.zip" />
    <property name="libs.absolutelayout.src" value="" />
    <property name="libs.cdc-pp-awt-layout.maven-pom" value="" />
    <property name="os.version" value="2.6.27.25-78.2.56.fc9.i686" />
    <property name="application.args" value="" />
    <property name="libs.JMUnit4CLDC11.maven-pom" value="" />
    <property name="libs.toplink.javadoc" value="/usr/local/netbeans-6.1/enterprise5/docs/javaee5-doc-api.zip" />
    <property name="sun.desktop" value="gnome" />
    <property name="libs.nb_svg_midp_components.maven-pom" value="" />
    <property name="libs.ricoh-ant-utils.javadoc" value="" />
    <property name="libs.restlib.javadoc" value="" />
    <property name="libs.NetBeans MIDP Components PDA.maven-pom" value="" />
    <property name="rave.version" value="2.0.0" />
    <property name="java.awt.graphicsenv" value="sun.awt.X11GraphicsEnvironment" />
    <property name="libs.beans-binding.javadoc" value="/usr/local/netbeans-6.1/java2/docs/beansbinding-1.2.1-doc.zip" />
    <property name="java.vm.vendor" value="Sun Microsystems Inc." />
    <property name="libs.CopyLibs.classpath" value="/home/amcgoogan/.netbeans/6.1/ant/extra/org-netbeans-modules-java-j2seproject-copylibstask.jar" />
    <property name="rubyplatform.Ruby.gem_version" value="0.9.4 (0.9.4)" />
    <property name="libs.spring-webmvc.maven-pom" value="" />
    <property name="jaxws.endorsed.dir" value="/usr/local/netbeans-6.1/java2/modules/ext/jaxws21/api" />
    <property name="run.jvmargs" value="" />
    <property name="libs.spring-framework.javadoc" value="" />
    <property name="libs.DataBindingME-PIM.src" value="" />
    <property name="libs.PostgreSQLDriver.classpath" value="/usr/local/netbeans-6.1/ide9/modules/ext/postgresql-8.3-603.jdbc3.jar" />
    <property name="libs.jsf12.maven-pom" value="" />
    <property name="rubyplatform.Ruby.gem_path" value="/usr/lib/ruby/gems/1.8" />
    <property name="libs.junit.src" value="" />
    <property name="main.class" value="eightpuzzle.EightPuzzleSolverUI" />
    <property name="build.dir" value="build" />
    <property name="libs.CopyLibs.src" value="" />
    <property name="ant.version" value="Apache Ant version 1.7.0 compiled on December 13 2006" />
    <property name="file.encoding" value="UTF-8" />
    <property name="build.classes.excludes" value="**/*.java,**/*.form" />
    <property name="javadoc.nonavbar" value="false" />
    <property name="platform.active" value="default_platform" />
  </properties>
  <testcase classname="eightpuzzle.TilePositionTest" name="testGetListPosition" time="0.0060" />
  <system-out><![CDATA[getListPosition
]]></system-out>
  <system-err><![CDATA[]]></system-err>
</testsuite>
